<?xml version="1.0" encoding="UTF-8"?>
<!-- Generated by org.testng.reporters.JUnitXMLReporter -->
<testsuite ignored="0" hostname="DESKTOP-AK61BLR" failures="0" tests="20" name="Default test" time="0.3" errors="0" timestamp="2021-10-17T20:22:23 MSK">
  <testcase classname="com.arekhava.languageschool.validator.CourseInfoValidatorTest" name="isValidImageNameNegativeTest" time="0.024"/>
  <testcase classname="com.arekhava.languageschool.validator.CourseInfoValidatorTest" name="isValidImageNameNegativeTest" time="0.003"/>
  <testcase classname="com.arekhava.languageschool.validator.CourseInfoValidatorTest" name="isValidImageNameNegativeTest" time="0.003"/>
  <testcase classname="com.arekhava.languageschool.validator.CourseInfoValidatorTest" name="isValidImageNamePositiveTest" time="0.002"/>
  <testcase classname="com.arekhava.languageschool.validator.CourseInfoValidatorTest" name="isValidImageNamePositiveTest" time="0.003"/>
  <testcase classname="com.arekhava.languageschool.validator.CourseInfoValidatorTest" name="isValidImageNamePositiveTest" time="0.002"/>
  <testcase classname="com.arekhava.languageschool.validator.CourseInfoValidatorTest" name="isValidNameNegativeTest" time="0.003"/>
  <testcase classname="com.arekhava.languageschool.validator.CourseInfoValidatorTest" name="isValidNameNegativeTest" time="0.002"/>
  <testcase classname="com.arekhava.languageschool.validator.CourseInfoValidatorTest" name="isValidNameNegativeTest" time="0.004"/>
  <testcase classname="com.arekhava.languageschool.validator.CourseInfoValidatorTest" name="isValidNamePositiveTest" time="0.004"/>
  <testcase classname="com.arekhava.languageschool.validator.CourseInfoValidatorTest" name="isValidNamePositiveTest" time="0.004"/>
  <testcase classname="com.arekhava.languageschool.validator.CourseInfoValidatorTest" name="isValidNamePositiveTest" time="0.003"/>
  <testcase classname="com.arekhava.languageschool.validator.CourseInfoValidatorTest" name="isValidPriceNegativeTest" time="0.005"/>
  <testcase classname="com.arekhava.languageschool.validator.CourseInfoValidatorTest" name="isValidPriceNegativeTest" time="0.007"/>
  <testcase classname="com.arekhava.languageschool.validator.CourseInfoValidatorTest" name="isValidPriceNegativeTest" time="0.003"/>
  <testcase classname="com.arekhava.languageschool.validator.CourseInfoValidatorTest" name="isValidPriceNegativeTest" time="0.005"/>
  <testcase classname="com.arekhava.languageschool.validator.CourseInfoValidatorTest" name="isValidPricePositiveTest" time="0.003"/>
  <testcase classname="com.arekhava.languageschool.validator.CourseInfoValidatorTest" name="isValidPricePositiveTest" time="0.003"/>
  <testcase classname="com.arekhava.languageschool.validator.CourseInfoValidatorTest" name="isValidPricePositiveTest" time="0.004"/>
  <testcase classname="com.arekhava.languageschool.validator.CourseInfoValidatorTest" name="isValidPricePositiveTest" time="0.002"/>
</testsuite> <!-- Default test -->
